2020-06-25 12:03:05,122 p=13335 u=root n=ansible | ERROR! the playbook: test_user.yml could not be found
2020-06-25 12:03:27,752 p=13337 u=root n=ansible | [DEPRECATION WARNING]: The TRANSFORM_INVALID_GROUP_CHARS settings is set to allow bad characters in group names by 
default, this will change, but still be user configurable on deprecation. This feature will be removed in version 2.10.
 Deprecation warnings can be disabled by setting deprecation_warnings=False in ansible.cfg.
2020-06-25 12:03:27,752 p=13337 u=root n=ansible | [WARNING]: Invalid characters were found in group names but not replaced, use -vvvv to see details

2020-06-25 12:03:28,499 p=13337 u=root n=ansible | test-host | UNREACHABLE! => {
    "changed": false,
    "msg": "Failed to connect to the host via ssh: Load key \"/home/manve/.ssh\": Is a directory\r\nmanve@116.203.159.162: Permission denied (publickey,gssapi-keyex,gssapi-with-mic,password).",
    "unreachable": true
}
2020-06-25 12:04:40,581 p=13346 u=root n=ansible | [DEPRECATION WARNING]: The TRANSFORM_INVALID_GROUP_CHARS settings is set to allow bad characters in group names by 
default, this will change, but still be user configurable on deprecation. This feature will be removed in version 2.10.
 Deprecation warnings can be disabled by setting deprecation_warnings=False in ansible.cfg.
2020-06-25 12:04:40,581 p=13346 u=root n=ansible | [WARNING]: Invalid characters were found in group names but not replaced, use -vvvv to see details

2020-06-25 12:04:43,724 p=13346 u=root n=ansible | test-host | SUCCESS => {
    "ansible_facts": {
        "discovered_interpreter_python": "/usr/bin/python"
    },
    "changed": false,
    "ping": "pong"
}
2020-06-25 12:06:33,037 p=13376 u=root n=ansible | [DEPRECATION WARNING]: The TRANSFORM_INVALID_GROUP_CHARS settings is set to allow bad characters in group names by 
default, this will change, but still be user configurable on deprecation. This feature will be removed in version 2.10.
 Deprecation warnings can be disabled by setting deprecation_warnings=False in ansible.cfg.
2020-06-25 12:06:33,038 p=13376 u=root n=ansible | [WARNING]: Invalid characters were found in group names but not replaced, use -vvvv to see details

2020-06-25 12:06:55,990 p=13376 u=root n=ansible | lrcloud | SUCCESS => {
    "ansible_facts": {
        "discovered_interpreter_python": "/usr/bin/python"
    },
    "changed": false,
    "ping": "pong"
}
2020-06-25 12:07:00,930 p=13395 u=root n=ansible | [DEPRECATION WARNING]: The TRANSFORM_INVALID_GROUP_CHARS settings is set to allow bad characters in group names by 
default, this will change, but still be user configurable on deprecation. This feature will be removed in version 2.10.
 Deprecation warnings can be disabled by setting deprecation_warnings=False in ansible.cfg.
2020-06-25 12:07:00,931 p=13395 u=root n=ansible | [WARNING]: Invalid characters were found in group names but not replaced, use -vvvv to see details

2020-06-25 12:07:03,525 p=13395 u=root n=ansible | lrcloud | SUCCESS => {
    "ansible_facts": {
        "discovered_interpreter_python": "/usr/bin/python"
    },
    "changed": false,
    "ping": "pong"
}
2020-06-25 12:07:52,075 p=13412 u=root n=ansible | lrcloud | SUCCESS => {
    "ansible_facts": {
        "discovered_interpreter_python": "/usr/bin/python"
    },
    "changed": false,
    "ping": "pong"
}
2020-06-25 12:10:10,235 p=13430 u=root n=ansible | ERROR! Syntax Error while loading YAML.
  mapping values are not allowed in this context

The error appears to be in '/etc/ansible/test_play.yml': line 3, column 10, but may
be elsewhere in the file depending on the exact syntax problem.

The offending line appears to be:

- hosts: test_host
   become: true
         ^ here

2020-06-25 12:10:42,013 p=13434 u=root n=ansible | ERROR! Syntax Error while loading YAML.
  mapping values are not allowed in this context

The error appears to be in '/etc/ansible/test_play.yml': line 3, column 10, but may
be elsewhere in the file depending on the exact syntax problem.

The offending line appears to be:

- hosts: test_host
   become: true
         ^ here

2020-06-25 12:15:24,985 p=13438 u=root n=ansible | ERROR! Syntax Error while loading YAML.
  mapping values are not allowed in this context

The error appears to be in '/etc/ansible/test_play.yml': line 7, column 9, but may
be elsewhere in the file depending on the exact syntax problem.

The offending line appears to be:

  - name: Update apt-cache
     apt: update_cache=yes
        ^ here

2020-06-25 12:16:03,593 p=13442 u=root n=ansible | PLAY [lrcloud] *********************************************************************************************************
2020-06-25 12:16:03,608 p=13442 u=root n=ansible | TASK [Gathering Facts] *************************************************************************************************
2020-06-25 12:16:06,849 p=13442 u=root n=ansible | fatal: [lrcloud]: FAILED! => {"msg": "Missing sudo password"}
2020-06-25 12:16:06,851 p=13442 u=root n=ansible | PLAY RECAP *************************************************************************************************************
2020-06-25 12:16:06,851 p=13442 u=root n=ansible | lrcloud                    : ok=0    changed=0    unreachable=0    failed=1    skipped=0    rescued=0    ignored=0   
2020-06-25 12:17:09,911 p=13462 u=root n=ansible | PLAY [lrcloud] *********************************************************************************************************
2020-06-25 12:17:09,925 p=13462 u=root n=ansible | TASK [Gathering Facts] *************************************************************************************************
2020-06-25 12:17:13,119 p=13462 u=root n=ansible | fatal: [lrcloud]: FAILED! => {"msg": "Missing sudo password"}
2020-06-25 12:17:13,121 p=13462 u=root n=ansible | PLAY RECAP *************************************************************************************************************
2020-06-25 12:17:13,121 p=13462 u=root n=ansible | lrcloud                    : ok=0    changed=0    unreachable=0    failed=1    skipped=0    rescued=0    ignored=0   
2020-06-25 12:20:36,367 p=13485 u=root n=ansible | PLAY [lrcloud] *********************************************************************************************************
2020-06-25 12:20:36,383 p=13485 u=root n=ansible | TASK [Gathering Facts] *************************************************************************************************
2020-06-25 12:20:39,703 p=13485 u=root n=ansible | fatal: [lrcloud]: FAILED! => {"msg": "Missing sudo password"}
2020-06-25 12:20:39,706 p=13485 u=root n=ansible | PLAY RECAP *************************************************************************************************************
2020-06-25 12:20:39,706 p=13485 u=root n=ansible | lrcloud                    : ok=0    changed=0    unreachable=0    failed=1    skipped=0    rescued=0    ignored=0   
2020-06-25 12:22:56,671 p=13521 u=root n=ansible | PLAY [lrcloud] *********************************************************************************************************
2020-06-25 12:22:56,684 p=13521 u=root n=ansible | TASK [Gathering Facts] *************************************************************************************************
2020-06-25 12:23:00,272 p=13521 u=root n=ansible | ok: [lrcloud]
2020-06-25 12:23:00,277 p=13521 u=root n=ansible | TASK [Update apt-cache] ************************************************************************************************
2020-06-25 12:23:02,255 p=13521 u=root n=ansible | [WARNING]: Updating cache and auto-installing missing dependency: python-apt

2020-06-25 12:23:02,255 p=13521 u=root n=ansible | fatal: [lrcloud]: FAILED! => {"changed": false, "cmd": "apt-get update", "msg": "[Errno 2] No such file or directory", "rc": 2}
2020-06-25 12:23:02,257 p=13521 u=root n=ansible | PLAY RECAP *************************************************************************************************************
2020-06-25 12:23:02,257 p=13521 u=root n=ansible | lrcloud                    : ok=1    changed=0    unreachable=0    failed=1    skipped=0    rescued=0    ignored=0   
2020-06-25 12:43:53,969 p=13594 u=root n=ansible | [WARNING]: Could not match supplied host pattern, ignoring: test_host

2020-06-25 12:43:53,970 p=13594 u=root n=ansible | PLAY [test_host] ***********************************************************************************************************************
2020-06-25 12:43:53,971 p=13594 u=root n=ansible | skipping: no hosts matched
2020-06-25 12:43:53,971 p=13594 u=root n=ansible | PLAY RECAP *****************************************************************************************************************************
2020-06-25 13:01:00,262 p=13600 u=root n=ansible | PLAY [lrcloud] *************************************************************************************************************************
2020-06-25 13:01:00,279 p=13600 u=root n=ansible | TASK [Gathering Facts] *****************************************************************************************************************
2020-06-25 13:01:04,011 p=13600 u=root n=ansible | ok: [lrcloud]
2020-06-25 13:01:04,034 p=13600 u=root n=ansible | TASK [Update apt-cache] ****************************************************************************************************************
2020-06-25 13:01:06,590 p=13600 u=root n=ansible | ok: [lrcloud]
2020-06-25 13:01:06,596 p=13600 u=root n=ansible | TASK [Install Vim] *********************************************************************************************************************
2020-06-25 13:01:13,464 p=13600 u=root n=ansible | fatal: [lrcloud]: FAILED! => {"changed": true, "changes": {"installed": ["vim"], "updated": []}, "msg": "You need to be root to perform this command.\n", "rc": 1, "results": ["Loaded plugins: fastestmirror\n"]}
2020-06-25 13:01:13,466 p=13600 u=root n=ansible | PLAY RECAP *****************************************************************************************************************************
2020-06-25 13:01:13,466 p=13600 u=root n=ansible | lrcloud                    : ok=2    changed=0    unreachable=0    failed=1    skipped=0    rescued=0    ignored=0   
2020-06-25 13:16:37,269 p=13638 u=root n=ansible | PLAY [lrcloud] *************************************************************************************************************************
2020-06-25 13:16:37,282 p=13638 u=root n=ansible | TASK [Gathering Facts] *****************************************************************************************************************
2020-06-25 13:16:40,914 p=13638 u=root n=ansible | ok: [lrcloud]
2020-06-25 13:16:40,921 p=13638 u=root n=ansible | TASK [Update apt-cache] ****************************************************************************************************************
2020-06-25 13:16:43,307 p=13638 u=root n=ansible | ok: [lrcloud]
2020-06-25 13:16:43,312 p=13638 u=root n=ansible | TASK [Install Vim] *********************************************************************************************************************
2020-06-25 13:16:46,381 p=13638 u=root n=ansible | fatal: [lrcloud]: FAILED! => {"changed": true, "changes": {"installed": ["vim"], "updated": []}, "msg": "You need to be root to perform this command.\n", "rc": 1, "results": ["Loaded plugins: fastestmirror\n"]}
2020-06-25 13:16:46,383 p=13638 u=root n=ansible | PLAY RECAP *****************************************************************************************************************************
2020-06-25 13:16:46,383 p=13638 u=root n=ansible | lrcloud                    : ok=2    changed=0    unreachable=0    failed=1    skipped=0    rescued=0    ignored=0   
2020-06-25 13:38:14,771 p=13676 u=root n=ansible | PLAY [lrcloud] *************************************************************************************************************************
2020-06-25 13:38:14,786 p=13676 u=root n=ansible | TASK [Gathering Facts] *****************************************************************************************************************
2020-06-25 13:38:18,469 p=13676 u=root n=ansible | ok: [lrcloud]
2020-06-25 13:38:18,479 p=13676 u=root n=ansible | TASK [Update apt-cache] ****************************************************************************************************************
2020-06-25 13:38:21,036 p=13676 u=root n=ansible | ok: [lrcloud]
2020-06-25 13:38:21,044 p=13676 u=root n=ansible | TASK [Install Vim] *********************************************************************************************************************
2020-06-25 13:38:24,185 p=13676 u=root n=ansible | fatal: [lrcloud]: FAILED! => {"changed": true, "changes": {"installed": ["vim"], "updated": []}, "msg": "You need to be root to perform this command.\n", "rc": 1, "results": ["Loaded plugins: fastestmirror\n"]}
2020-06-25 13:38:24,187 p=13676 u=root n=ansible | PLAY RECAP *****************************************************************************************************************************
2020-06-25 13:38:24,187 p=13676 u=root n=ansible | lrcloud                    : ok=2    changed=0    unreachable=0    failed=1    skipped=0    rescued=0    ignored=0   
2020-06-25 13:39:22,008 p=13714 u=root n=ansible | PLAY [lrcloud] *************************************************************************************************************************
2020-06-25 13:39:22,022 p=13714 u=root n=ansible | TASK [Gathering Facts] *****************************************************************************************************************
2020-06-25 13:39:24,408 p=13714 u=root n=ansible | fatal: [lrcloud]: FAILED! => {"msg": "Missing sudo password"}
2020-06-25 13:39:24,409 p=13714 u=root n=ansible | PLAY RECAP *****************************************************************************************************************************
2020-06-25 13:39:24,409 p=13714 u=root n=ansible | lrcloud                    : ok=0    changed=0    unreachable=0    failed=1    skipped=0    rescued=0    ignored=0   
2020-06-25 14:03:16,568 p=13731 u=root n=ansible | PLAY [lrcloud] *************************************************************************************************************************
2020-06-25 14:03:16,580 p=13731 u=root n=ansible | TASK [Gathering Facts] *****************************************************************************************************************
2020-06-25 14:03:19,739 p=13731 u=root n=ansible | fatal: [lrcloud]: FAILED! => {"msg": "Missing sudo password"}
2020-06-25 14:03:19,740 p=13731 u=root n=ansible | PLAY RECAP *****************************************************************************************************************************
2020-06-25 14:03:19,740 p=13731 u=root n=ansible | lrcloud                    : ok=0    changed=0    unreachable=0    failed=1    skipped=0    rescued=0    ignored=0   
2020-06-25 14:03:53,072 p=13751 u=root n=ansible | PLAY [lrcloud] *************************************************************************************************************************
2020-06-25 14:03:53,086 p=13751 u=root n=ansible | TASK [Gathering Facts] *****************************************************************************************************************
2020-06-25 14:03:55,803 p=13751 u=root n=ansible | ok: [lrcloud]
2020-06-25 14:03:55,810 p=13751 u=root n=ansible | TASK [Update apt-cache] ****************************************************************************************************************
2020-06-25 14:03:58,179 p=13751 u=root n=ansible | ok: [lrcloud]
2020-06-25 14:03:58,191 p=13751 u=root n=ansible | TASK [Install Vim] *********************************************************************************************************************
2020-06-25 14:04:01,222 p=13751 u=root n=ansible | fatal: [lrcloud]: FAILED! => {"changed": true, "changes": {"installed": ["vim"], "updated": []}, "msg": "You need to be root to perform this command.\n", "rc": 1, "results": ["Loaded plugins: fastestmirror\n"]}
2020-06-25 14:04:01,224 p=13751 u=root n=ansible | PLAY RECAP *****************************************************************************************************************************
2020-06-25 14:04:01,225 p=13751 u=root n=ansible | lrcloud                    : ok=2    changed=0    unreachable=0    failed=1    skipped=0    rescued=0    ignored=0   
2020-06-25 14:06:32,494 p=13806 u=root n=ansible | PLAY [lrcloud] *************************************************************************************************************************
2020-06-25 14:06:32,507 p=13806 u=root n=ansible | TASK [Gathering Facts] *****************************************************************************************************************
2020-06-25 14:06:36,271 p=13806 u=root n=ansible | ok: [lrcloud]
2020-06-25 14:06:36,281 p=13806 u=root n=ansible | TASK [Update apt-cache] ****************************************************************************************************************
2020-06-25 14:06:38,667 p=13806 u=root n=ansible | ok: [lrcloud]
2020-06-25 14:06:38,672 p=13806 u=root n=ansible | TASK [Install Vim] *********************************************************************************************************************
2020-06-25 14:06:41,846 p=13806 u=root n=ansible | fatal: [lrcloud]: FAILED! => {"changed": true, "changes": {"installed": ["vim"], "updated": []}, "msg": "You need to be root to perform this command.\n", "rc": 1, "results": ["Loaded plugins: fastestmirror\n"]}
2020-06-25 14:06:41,848 p=13806 u=root n=ansible | PLAY RECAP *****************************************************************************************************************************
2020-06-25 14:06:41,849 p=13806 u=root n=ansible | lrcloud                    : ok=2    changed=0    unreachable=0    failed=1    skipped=0    rescued=0    ignored=0   
2020-06-25 14:07:03,345 p=13843 u=root n=ansible | PLAY [lrcloud] *************************************************************************************************************************
2020-06-25 14:07:03,358 p=13843 u=root n=ansible | TASK [Gathering Facts] *****************************************************************************************************************
2020-06-25 14:07:06,272 p=13843 u=root n=ansible | ok: [lrcloud]
2020-06-25 14:07:06,280 p=13843 u=root n=ansible | TASK [Update apt-cache] ****************************************************************************************************************
2020-06-25 14:07:08,598 p=13843 u=root n=ansible | ok: [lrcloud]
2020-06-25 14:07:08,603 p=13843 u=root n=ansible | TASK [Install Vim] *********************************************************************************************************************
2020-06-25 14:07:09,696 p=13843 u=root n=ansible |  [ERROR]: User interrupted execution

2020-06-25 14:11:56,862 p=13874 u=root n=ansible | PLAY [lrcloud] *************************************************************************************************************************
2020-06-25 14:11:56,874 p=13874 u=root n=ansible | TASK [Gathering Facts] *****************************************************************************************************************
2020-06-25 14:12:00,499 p=13874 u=root n=ansible | ok: [lrcloud]
2020-06-25 14:12:00,506 p=13874 u=root n=ansible | TASK [Update apt-cache] ****************************************************************************************************************
2020-06-25 14:12:02,790 p=13874 u=root n=ansible | ok: [lrcloud]
2020-06-25 14:12:02,798 p=13874 u=root n=ansible | TASK [Install Vim] *********************************************************************************************************************
2020-06-25 14:12:05,894 p=13874 u=root n=ansible | fatal: [lrcloud]: FAILED! => {"changed": true, "changes": {"installed": ["vim"], "updated": []}, "msg": "You need to be root to perform this command.\n", "rc": 1, "results": ["Loaded plugins: fastestmirror\n"]}
2020-06-25 14:12:05,896 p=13874 u=root n=ansible | PLAY RECAP *****************************************************************************************************************************
2020-06-25 14:12:05,896 p=13874 u=root n=ansible | lrcloud                    : ok=2    changed=0    unreachable=0    failed=1    skipped=0    rescued=0    ignored=0   
2020-06-25 14:12:58,965 p=13912 u=root n=ansible | PLAY [lrcloud] *************************************************************************************************************************
2020-06-25 14:12:58,976 p=13912 u=root n=ansible | TASK [Gathering Facts] *****************************************************************************************************************
2020-06-25 14:13:02,638 p=13912 u=root n=ansible | ok: [lrcloud]
2020-06-25 14:13:02,644 p=13912 u=root n=ansible | TASK [Update apt-cache] ****************************************************************************************************************
2020-06-25 14:13:05,325 p=13912 u=root n=ansible | ok: [lrcloud]
2020-06-25 14:13:05,330 p=13912 u=root n=ansible | TASK [Install Vim] *********************************************************************************************************************
2020-06-25 14:13:08,729 p=13912 u=root n=ansible | fatal: [lrcloud]: FAILED! => {"changed": true, "changes": {"installed": ["vim"], "updated": []}, "msg": "You need to be root to perform this command.\n", "rc": 1, "results": ["Loaded plugins: fastestmirror\n"]}
2020-06-25 14:13:08,731 p=13912 u=root n=ansible | PLAY RECAP *****************************************************************************************************************************
2020-06-25 14:13:08,731 p=13912 u=root n=ansible | lrcloud                    : ok=2    changed=0    unreachable=0    failed=1    skipped=0    rescued=0    ignored=0   
2020-06-25 14:16:47,583 p=13952 u=root n=ansible | lrcloud | SUCCESS => {
    "ansible_facts": {
        "discovered_interpreter_python": "/usr/bin/python"
    },
    "changed": false,
    "ping": "pong"
}
2020-06-25 14:17:36,443 p=13971 u=root n=ansible | lrcloud | CHANGED | rc=0 >>
 13:17:36 up 4 min,  1 user,  load average: 0.00, 0.02, 0.02

2020-06-25 14:20:42,739 p=13989 u=root n=ansible | PLAY [lrcloud] *************************************************************************************************************************
2020-06-25 14:20:42,751 p=13989 u=root n=ansible | TASK [Gathering Facts] *****************************************************************************************************************
2020-06-25 14:20:46,348 p=13989 u=root n=ansible | ok: [lrcloud]
2020-06-25 14:20:46,355 p=13989 u=root n=ansible | TASK [Update apt-cache] ****************************************************************************************************************
2020-06-25 14:20:48,876 p=13989 u=root n=ansible | ok: [lrcloud]
2020-06-25 14:20:48,881 p=13989 u=root n=ansible | TASK [Install Vim] *********************************************************************************************************************
2020-06-25 14:20:59,966 p=13989 u=root n=ansible | changed: [lrcloud]
2020-06-25 14:20:59,970 p=13989 u=root n=ansible | PLAY RECAP *****************************************************************************************************************************
2020-06-25 14:20:59,970 p=13989 u=root n=ansible | lrcloud                    : ok=3    changed=1    unreachable=0    failed=0    skipped=0    rescued=0    ignored=0   
2020-06-25 14:45:12,130 p=14056 u=root n=ansible | PLAY [lrcloud] *************************************************************************************************************************
2020-06-25 14:45:12,144 p=14056 u=root n=ansible | TASK [Gathering Facts] *****************************************************************************************************************
2020-06-25 14:45:16,006 p=14056 u=root n=ansible | ok: [lrcloud]
2020-06-25 14:45:16,012 p=14056 u=root n=ansible | TASK [Update apt-cache] ****************************************************************************************************************
2020-06-25 14:45:18,544 p=14056 u=root n=ansible | ok: [lrcloud]
2020-06-25 14:45:18,549 p=14056 u=root n=ansible | TASK [Install Vim] *********************************************************************************************************************
2020-06-25 14:45:30,205 p=14056 u=root n=ansible | ok: [lrcloud]
2020-06-25 14:45:30,208 p=14056 u=root n=ansible | PLAY RECAP *****************************************************************************************************************************
2020-06-25 14:45:30,208 p=14056 u=root n=ansible | lrcloud                    : ok=3    changed=0    unreachable=0    failed=0    skipped=0    rescued=0    ignored=0   
2020-06-25 14:48:10,813 p=14094 u=root n=ansible | PLAY [lrcloud] *************************************************************************************************************************
2020-06-25 14:48:10,827 p=14094 u=root n=ansible | TASK [Gathering Facts] *****************************************************************************************************************
2020-06-25 14:48:14,428 p=14094 u=root n=ansible | ok: [lrcloud]
2020-06-25 14:48:14,434 p=14094 u=root n=ansible | TASK [Update apt-cache] ****************************************************************************************************************
2020-06-25 14:48:16,892 p=14094 u=root n=ansible | ok: [lrcloud]
2020-06-25 14:48:16,896 p=14094 u=root n=ansible | TASK [Install Vim] *********************************************************************************************************************
2020-06-25 14:48:30,208 p=14094 u=root n=ansible | ok: [lrcloud]
2020-06-25 14:48:30,211 p=14094 u=root n=ansible | PLAY RECAP *****************************************************************************************************************************
2020-06-25 14:48:30,211 p=14094 u=root n=ansible | lrcloud                    : ok=3    changed=0    unreachable=0    failed=0    skipped=0    rescued=0    ignored=0   
